<?xml version="1.0" encoding="UTF-8"?>
<testng-results ignored="0" total="1" passed="1" failed="0" skipped="0">
  <reporter-output>
  </reporter-output>
  <suite started-at="2023-10-16T20:11:19 ART" name="Web Automation Suite" finished-at="2023-10-16T20:11:41 ART" duration-ms="21802">
    <groups>
    </groups>
    <test started-at="2023-10-16T20:11:19 ART" name="Search Test" finished-at="2023-10-16T20:11:41 ART" duration-ms="21802">
      <class name="com.rosenrot.tests.WikipediaTest">
        <test-method is-config="true" signature="beforeMethod(java.lang.String,java.lang.String)[pri:0, instance:com.rosenrot.tests.WikipediaTest@6193932a]" started-at="2023-10-16T20:11:19 ART" name="beforeMethod" finished-at="2023-10-16T20:11:29 ART" duration-ms="9358" status="PASS">
          <params>
            <param index="0">
              <value>
                <![CDATA[firefox]]>
              </value>
            </param>
            <param index="1">
              <value>
                <![CDATA[https://es.wikipedia.org/wiki/Wikipedia:Portada]]>
              </value>
            </param>
          </params>
          <reporter-output>
          </reporter-output>
        </test-method> <!-- beforeMethod -->
        <test-method signature="searchTest(java.lang.String)[pri:0, instance:com.rosenrot.tests.WikipediaTest@6193932a]" started-at="2023-10-16T20:11:29 ART" name="searchTest" finished-at="2023-10-16T20:11:40 ART" duration-ms="11029" status="PASS">
          <params>
            <param index="0">
              <value>
                <![CDATA[Microsoft]]>
              </value>
            </param>
          </params>
          <reporter-output>
          </reporter-output>
        </test-method> <!-- searchTest -->
        <test-method is-config="true" signature="afterMethod()[pri:0, instance:com.rosenrot.tests.WikipediaTest@6193932a]" started-at="2023-10-16T20:11:40 ART" name="afterMethod" finished-at="2023-10-16T20:11:41 ART" duration-ms="1374" status="PASS">
          <reporter-output>
          </reporter-output>
        </test-method> <!-- afterMethod -->
      </class> <!-- com.rosenrot.tests.WikipediaTest -->
    </test> <!-- Search Test -->
  </suite> <!-- Web Automation Suite -->
</testng-results>
